2019-11-08 19:05:24.211  INFO 8768 --- [restartedMain] com.cg.logger.LoggerApplication          : Starting LoggerApplication on DESKTOP-Amit with PID 8768 (C:\Users\Amit\git\cookbook_repo\logger\target\classes started by Amit in C:\Users\Amit\git\cookbook_repo\logger)
2019-11-08 19:05:24.219  INFO 8768 --- [restartedMain] com.cg.logger.LoggerApplication          : The following profiles are active: dev
2019-11-08 19:05:24.308  INFO 8768 --- [restartedMain] .e.DevToolsPropertyDefaultsPostProcessor : Devtools property defaults active! Set 'spring.devtools.add-properties' to 'false' to disable
2019-11-08 19:05:24.308  INFO 8768 --- [restartedMain] .e.DevToolsPropertyDefaultsPostProcessor : For additional web related logging consider setting the 'logging.level.web' property to 'DEBUG'
2019-11-08 19:05:25.179  INFO 8768 --- [restartedMain] o.s.b.w.embedded.tomcat.TomcatWebServer  : Tomcat initialized with port(s): 8080 (http)
2019-11-08 19:05:25.189  INFO 8768 --- [restartedMain] o.apache.catalina.core.StandardService   : Starting service [Tomcat]
2019-11-08 19:05:25.190  INFO 8768 --- [restartedMain] org.apache.catalina.core.StandardEngine  : Starting Servlet engine: [Apache Tomcat/9.0.27]
2019-11-08 19:05:25.278  INFO 8768 --- [restartedMain] o.a.c.c.C.[Tomcat].[localhost].[/]       : Initializing Spring embedded WebApplicationContext
2019-11-08 19:05:25.279  INFO 8768 --- [restartedMain] o.s.web.context.ContextLoader            : Root WebApplicationContext: initialization completed in 971 ms
2019-11-08 19:05:25.442  INFO 8768 --- [restartedMain] o.s.s.concurrent.ThreadPoolTaskExecutor  : Initializing ExecutorService 'applicationTaskExecutor'
2019-11-08 19:05:25.573  INFO 8768 --- [restartedMain] o.s.b.d.a.OptionalLiveReloadServer       : LiveReload server is running on port 35729
2019-11-08 19:05:25.611  INFO 8768 --- [restartedMain] o.s.b.w.embedded.tomcat.TomcatWebServer  : Tomcat started on port(s): 8080 (http) with context path ''
2019-11-08 19:05:25.614  INFO 8768 --- [restartedMain] com.cg.logger.LoggerApplication          : Started LoggerApplication in 1.791 seconds (JVM running for 2.646)
2019-11-08 19:05:30.616  INFO 8768 --- [restartedMain] My Logger application                    : Application access the database
2019-11-08 19:05:35.617  WARN 8768 --- [restartedMain] My Logger application                    : Max Connectional reached
2019-11-08 19:05:40.618  INFO 8768 --- [restartedMain] My Logger application                    : Application access the database
2019-11-08 19:05:50.619  WARN 8768 --- [restartedMain] My Logger application                    : Max Connectional reached
2019-11-08 19:05:55.620 ERROR 8768 --- [restartedMain] My Logger application                    : Incompatiable type
2019-11-08 19:06:00.639  INFO 8768 --- [restartedMain] My Logger application                    : Application access the database
2019-11-08 19:06:05.646  WARN 8768 --- [restartedMain] My Logger application                    : Max Connectional reached
2019-11-08 19:06:10.647  INFO 8768 --- [restartedMain] My Logger application                    : Application access the database
2019-11-08 19:06:20.648  WARN 8768 --- [restartedMain] My Logger application                    : Max Connectional reached
2019-11-08 19:06:30.649 ERROR 8768 --- [restartedMain] My Logger application                    : Incompatiable type
2019-11-08 19:06:35.650  WARN 8768 --- [restartedMain] My Logger application                    : Max Connectional reached
2019-11-08 19:06:40.651  INFO 8768 --- [restartedMain] My Logger application                    : Application access the database
2019-11-08 19:06:50.657  WARN 8768 --- [restartedMain] My Logger application                    : Max Connectional reached
2019-11-08 19:07:00.659  INFO 8768 --- [restartedMain] My Logger application                    : Application access the database
2019-11-08 19:07:05.659 ERROR 8768 --- [restartedMain] My Logger application                    : Incompatiable type
2019-11-08 19:07:10.660  INFO 8768 --- [restartedMain] My Logger application                    : Application access the database
2019-11-08 19:07:20.660  WARN 8768 --- [restartedMain] My Logger application                    : Max Connectional reached
2019-11-08 19:07:30.661  INFO 8768 --- [restartedMain] My Logger application                    : Application access the database
2019-11-08 19:07:35.662  WARN 8768 --- [restartedMain] My Logger application                    : Max Connectional reached
2019-11-08 19:07:40.662 ERROR 8768 --- [restartedMain] My Logger application                    : Incompatiable type
2019-11-08 19:07:50.663  WARN 8768 --- [restartedMain] My Logger application                    : Max Connectional reached
2019-11-08 19:08:00.664  INFO 8768 --- [restartedMain] My Logger application                    : Application access the database
2019-11-08 19:08:05.664  WARN 8768 --- [restartedMain] My Logger application                    : Max Connectional reached
2019-11-08 19:08:10.665  INFO 8768 --- [restartedMain] My Logger application                    : Application access the database
2019-11-08 19:08:13.112  INFO 8768 --- [RMI TCP Connection(15)-127.0.0.1] inMXBeanRegistrar$SpringApplicationAdmin : Application shutdown requested.
2019-11-08 19:08:13.115  INFO 8768 --- [RMI TCP Connection(15)-127.0.0.1] o.s.s.concurrent.ThreadPoolTaskExecutor  : Shutting down ExecutorService 'applicationTaskExecutor'
2019-11-08 19:16:06.306  INFO 12884 --- [restartedMain] com.cg.logger.LoggerApplication          : Starting LoggerApplication on DESKTOP-Amit with PID 12884 (C:\Users\Amit\git\cookbook_repo\logger\target\classes started by Amit in C:\Users\Amit\git\cookbook_repo\logger)
2019-11-08 19:16:06.308  INFO 12884 --- [restartedMain] com.cg.logger.LoggerApplication          : The following profiles are active: dev
2019-11-08 19:16:06.352  INFO 12884 --- [restartedMain] .e.DevToolsPropertyDefaultsPostProcessor : Devtools property defaults active! Set 'spring.devtools.add-properties' to 'false' to disable
2019-11-08 19:16:06.352  INFO 12884 --- [restartedMain] .e.DevToolsPropertyDefaultsPostProcessor : For additional web related logging consider setting the 'logging.level.web' property to 'DEBUG'
2019-11-08 19:16:07.045  INFO 12884 --- [restartedMain] o.s.b.w.embedded.tomcat.TomcatWebServer  : Tomcat initialized with port(s): 8080 (http)
2019-11-08 19:16:07.052  INFO 12884 --- [restartedMain] o.apache.catalina.core.StandardService   : Starting service [Tomcat]
2019-11-08 19:16:07.052  INFO 12884 --- [restartedMain] org.apache.catalina.core.StandardEngine  : Starting Servlet engine: [Apache Tomcat/9.0.27]
2019-11-08 19:16:07.102  INFO 12884 --- [restartedMain] o.a.c.c.C.[Tomcat].[localhost].[/]       : Initializing Spring embedded WebApplicationContext
2019-11-08 19:16:07.102  INFO 12884 --- [restartedMain] o.s.web.context.ContextLoader            : Root WebApplicationContext: initialization completed in 749 ms
2019-11-08 19:16:07.318  INFO 12884 --- [restartedMain] o.s.s.concurrent.ThreadPoolTaskExecutor  : Initializing ExecutorService 'applicationTaskExecutor'
2019-11-08 19:16:07.433  INFO 12884 --- [restartedMain] o.s.b.d.a.OptionalLiveReloadServer       : LiveReload server is running on port 35729
2019-11-08 19:16:07.463  INFO 12884 --- [restartedMain] o.s.b.w.embedded.tomcat.TomcatWebServer  : Tomcat started on port(s): 8080 (http) with context path ''
2019-11-08 19:16:07.466  INFO 12884 --- [restartedMain] com.cg.logger.LoggerApplication          : Started LoggerApplication in 1.527 seconds (JVM running for 2.323)
2019-11-08 19:16:12.468  INFO 12884 --- [restartedMain] My Logger application                    : Application access the database
2019-11-08 19:16:17.469  WARN 12884 --- [restartedMain] My Logger application                    : Max Connectional reached
2019-11-08 19:16:22.469  INFO 12884 --- [restartedMain] My Logger application                    : Application access the database
2019-11-08 19:16:32.470  WARN 12884 --- [restartedMain] My Logger application                    : Max Connectional reached
2019-11-08 19:16:37.472 ERROR 12884 --- [restartedMain] My Logger application                    : Incompatiable type
2019-11-08 19:16:42.472  INFO 12884 --- [restartedMain] My Logger application                    : Application access the database
2019-11-08 19:16:47.473  WARN 12884 --- [restartedMain] My Logger application                    : Max Connectional reached
2019-11-08 19:16:52.474  INFO 12884 --- [restartedMain] My Logger application                    : Application access the database
2019-11-08 19:17:02.474  WARN 12884 --- [restartedMain] My Logger application                    : Max Connectional reached
2019-11-08 19:17:12.475 ERROR 12884 --- [restartedMain] My Logger application                    : Incompatiable type
2019-11-08 19:17:17.476  WARN 12884 --- [restartedMain] My Logger application                    : Max Connectional reached
2019-11-08 19:17:22.476  INFO 12884 --- [restartedMain] My Logger application                    : Application access the database
2019-11-08 19:17:32.477  WARN 12884 --- [restartedMain] My Logger application                    : Max Connectional reached
2019-11-08 19:17:33.530  INFO 12884 --- [http-nio-8080-exec-2] o.a.c.c.C.[Tomcat].[localhost].[/]       : Initializing Spring DispatcherServlet 'dispatcherServlet'
2019-11-08 19:17:33.531  INFO 12884 --- [http-nio-8080-exec-2] o.s.web.servlet.DispatcherServlet        : Initializing Servlet 'dispatcherServlet'
2019-11-08 19:17:33.544  INFO 12884 --- [http-nio-8080-exec-2] o.s.web.servlet.DispatcherServlet        : Completed initialization in 12 ms
2019-11-08 19:17:33.570  WARN 12884 --- [http-nio-8080-exec-2] .w.s.m.s.DefaultHandlerExceptionResolver : Resolved [org.springframework.web.bind.MissingPathVariableException: Missing URI template variable 'language' for method parameter of type String]
2019-11-08 19:17:41.435  WARN 12884 --- [http-nio-8080-exec-4] .w.s.m.s.DefaultHandlerExceptionResolver : Resolved [org.springframework.web.bind.MissingPathVariableException: Missing URI template variable 'language' for method parameter of type String]
2019-11-08 19:17:42.478  INFO 12884 --- [restartedMain] My Logger application                    : Application access the database
2019-11-08 19:17:47.480 ERROR 12884 --- [restartedMain] My Logger application                    : Incompatiable type
2019-11-08 19:17:52.480  INFO 12884 --- [restartedMain] My Logger application                    : Application access the database
2019-11-08 19:18:02.481  WARN 12884 --- [restartedMain] My Logger application                    : Max Connectional reached
2019-11-08 19:18:12.481  INFO 12884 --- [restartedMain] My Logger application                    : Application access the database
2019-11-08 19:18:17.482  WARN 12884 --- [restartedMain] My Logger application                    : Max Connectional reached
2019-11-08 19:18:22.483 ERROR 12884 --- [restartedMain] My Logger application                    : Incompatiable type
2019-11-08 19:18:32.484  WARN 12884 --- [restartedMain] My Logger application                    : Max Connectional reached
2019-11-08 19:18:42.485  INFO 12884 --- [restartedMain] My Logger application                    : Application access the database
2019-11-08 19:18:42.501  INFO 12884 --- [Thread-7] o.s.s.concurrent.ThreadPoolTaskExecutor  : Shutting down ExecutorService 'applicationTaskExecutor'
2019-11-08 19:18:42.895  INFO 12884 --- [restartedMain] com.cg.logger.LoggerApplication          : Starting LoggerApplication on DESKTOP-Amit with PID 12884 (C:\Users\Amit\git\cookbook_repo\logger\target\classes started by Amit in C:\Users\Amit\git\cookbook_repo\logger)
2019-11-08 19:18:42.896  INFO 12884 --- [restartedMain] com.cg.logger.LoggerApplication          : The following profiles are active: dev
2019-11-08 19:18:43.057  WARN 12884 --- [restartedMain] org.apache.tomcat.util.modeler.Registry  : The MBean registry cannot be disabled because it has already been initialised
2019-11-08 19:18:43.091  INFO 12884 --- [restartedMain] o.s.b.w.embedded.tomcat.TomcatWebServer  : Tomcat initialized with port(s): 8080 (http)
2019-11-08 19:18:43.092  INFO 12884 --- [restartedMain] o.apache.catalina.core.StandardService   : Starting service [Tomcat]
2019-11-08 19:18:43.092  INFO 12884 --- [restartedMain] org.apache.catalina.core.StandardEngine  : Starting Servlet engine: [Apache Tomcat/9.0.27]
2019-11-08 19:18:43.106  INFO 12884 --- [restartedMain] o.a.c.c.C.[Tomcat].[localhost].[/]       : Initializing Spring embedded WebApplicationContext
2019-11-08 19:18:43.106  INFO 12884 --- [restartedMain] o.s.web.context.ContextLoader            : Root WebApplicationContext: initialization completed in 207 ms
2019-11-08 19:18:43.149  INFO 12884 --- [restartedMain] o.s.s.concurrent.ThreadPoolTaskExecutor  : Initializing ExecutorService 'applicationTaskExecutor'
2019-11-08 19:18:43.204  INFO 12884 --- [restartedMain] o.s.b.d.a.OptionalLiveReloadServer       : LiveReload server is running on port 35729
2019-11-08 19:18:43.260  INFO 12884 --- [restartedMain] o.s.b.w.embedded.tomcat.TomcatWebServer  : Tomcat started on port(s): 8080 (http) with context path ''
2019-11-08 19:18:43.266  INFO 12884 --- [restartedMain] com.cg.logger.LoggerApplication          : Started LoggerApplication in 0.397 seconds (JVM running for 158.123)
2019-11-08 19:18:43.270  INFO 12884 --- [restartedMain] .ConditionEvaluationDeltaLoggingListener : Condition evaluation unchanged
2019-11-08 19:18:47.485  WARN 12884 --- [restartedMain] My Logger application                    : Max Connectional reached
2019-11-08 19:18:48.271  INFO 12884 --- [restartedMain] My Logger application                    : Application access the database
2019-11-08 19:18:52.486  INFO 12884 --- [restartedMain] My Logger application                    : Application access the database
2019-11-08 19:18:52.654  INFO 12884 --- [http-nio-8080-exec-2] o.a.c.c.C.[Tomcat].[localhost].[/]       : Initializing Spring DispatcherServlet 'dispatcherServlet'
2019-11-08 19:18:52.654  INFO 12884 --- [http-nio-8080-exec-2] o.s.web.servlet.DispatcherServlet        : Initializing Servlet 'dispatcherServlet'
2019-11-08 19:18:52.661  INFO 12884 --- [http-nio-8080-exec-2] o.s.web.servlet.DispatcherServlet        : Completed initialization in 7 ms
2019-11-08 19:18:52.663 ERROR 12884 --- [http-nio-8080-exec-2] My Logger application                    : Class Cast Exception
2019-11-08 19:18:53.272  WARN 12884 --- [restartedMain] My Logger application                    : Max Connectional reached
2019-11-08 19:18:57.487 ERROR 12884 --- [restartedMain] My Logger application                    : Incompatiable type
2019-11-08 19:18:58.273  INFO 12884 --- [restartedMain] My Logger application                    : Application access the database
2019-11-08 19:19:02.487  WARN 12884 --- [restartedMain] My Logger application                    : Max Connectional reached
2019-11-08 19:19:08.273  WARN 12884 --- [restartedMain] My Logger application                    : Max Connectional reached
2019-11-08 19:19:09.123 ERROR 12884 --- [http-nio-8080-exec-3] My Logger application                    : OutOfMemoryBound
2019-11-08 19:19:12.488  INFO 12884 --- [restartedMain] My Logger application                    : Application access the database
2019-11-08 19:19:13.274 ERROR 12884 --- [restartedMain] My Logger application                    : Incompatiable type
2019-11-08 19:19:17.489  WARN 12884 --- [restartedMain] My Logger application                    : Max Connectional reached
2019-11-08 19:19:18.274  INFO 12884 --- [restartedMain] My Logger application                    : Application access the database
2019-11-08 19:19:22.490  INFO 12884 --- [restartedMain] My Logger application                    : Application access the database
2019-11-08 19:19:23.275  WARN 12884 --- [restartedMain] My Logger application                    : Max Connectional reached
2019-11-08 19:19:28.275  INFO 12884 --- [restartedMain] My Logger application                    : Application access the database
2019-11-08 19:19:28.397  INFO 12884 --- [RMI TCP Connection(19)-127.0.0.1] inMXBeanRegistrar$SpringApplicationAdmin : Application shutdown requested.
2019-11-08 19:19:28.401  INFO 12884 --- [RMI TCP Connection(19)-127.0.0.1] o.s.s.concurrent.ThreadPoolTaskExecutor  : Shutting down ExecutorService 'applicationTaskExecutor'
2019-11-08 19:19:32.491 ERROR 12884 --- [restartedMain] My Logger application                    : Incompatiable type
2019-11-08 19:19:38.276  WARN 12884 --- [restartedMain] My Logger application                    : Max Connectional reached
2019-11-08 19:19:42.491  INFO 12884 --- [restartedMain] My Logger application                    : Application access the database
