2019-09-17 17:29:45.486  INFO 3364 --- [restartedMain] c.practise.cookbook.CookbookApplication  : Starting CookbookApplication on DESKTOP-Amit with PID 3364 (C:\Users\Amit\git\cookbook_repo\cookbook\target\classes started by Amit in C:\Users\Amit\git\cookbook_repo\cookbook)
2019-09-17 17:29:45.490  INFO 3364 --- [restartedMain] c.practise.cookbook.CookbookApplication  : The following profiles are active: dev
2019-09-17 17:29:45.553  INFO 3364 --- [restartedMain] .e.DevToolsPropertyDefaultsPostProcessor : Devtools property defaults active! Set 'spring.devtools.add-properties' to 'false' to disable
2019-09-17 17:29:45.554  INFO 3364 --- [restartedMain] .e.DevToolsPropertyDefaultsPostProcessor : For additional web related logging consider setting the 'logging.level.web' property to 'DEBUG'
2019-09-17 17:29:46.745  INFO 3364 --- [restartedMain] o.s.b.w.embedded.tomcat.TomcatWebServer  : Tomcat initialized with port(s): 8081 (http)
2019-09-17 17:29:46.752  INFO 3364 --- [restartedMain] o.apache.catalina.core.StandardService   : Starting service [Tomcat]
2019-09-17 17:29:46.752  INFO 3364 --- [restartedMain] org.apache.catalina.core.StandardEngine  : Starting Servlet engine: [Apache Tomcat/9.0.24]
2019-09-17 17:29:46.822  INFO 3364 --- [restartedMain] o.a.c.c.C.[Tomcat].[localhost].[/]       : Initializing Spring embedded WebApplicationContext
2019-09-17 17:29:46.823  INFO 3364 --- [restartedMain] o.s.web.context.ContextLoader            : Root WebApplicationContext: initialization completed in 1267 ms
2019-09-17 17:29:47.483  WARN 3364 --- [restartedMain] ConfigServletWebServerApplicationContext : Exception encountered during context initialization - cancelling refresh attempt: org.springframework.beans.factory.UnsatisfiedDependencyException: Error creating bean with name 'reportController': Unsatisfied dependency expressed through field 'reportService'; nested exception is org.springframework.beans.factory.UnsatisfiedDependencyException: Error creating bean with name 'reportServiceImpl': Unsatisfied dependency expressed through field 'reportdao'; nested exception is org.springframework.beans.factory.UnsatisfiedDependencyException: Error creating bean with name 'reportDaoImpl': Unsatisfied dependency expressed through field 'jsonObject'; nested exception is org.springframework.beans.factory.NoSuchBeanDefinitionException: No qualifying bean of type 'org.json.simple.JSONObject' available: expected at least 1 bean which qualifies as autowire candidate. Dependency annotations: {@org.springframework.beans.factory.annotation.Autowired(required=true)}
2019-09-17 17:29:47.486  INFO 3364 --- [restartedMain] o.apache.catalina.core.StandardService   : Stopping service [Tomcat]
2019-09-17 17:29:47.500  INFO 3364 --- [restartedMain] ConditionEvaluationReportLoggingListener : 

Error starting ApplicationContext. To display the conditions report re-run your application with 'debug' enabled.
2019-09-17 17:29:47.666 ERROR 3364 --- [restartedMain] o.s.b.d.LoggingFailureAnalysisReporter   : 

***************************
APPLICATION FAILED TO START
***************************

Description:

Field jsonObject in com.practise.cookbook.service.repo.ReportDaoImpl required a bean of type 'org.json.simple.JSONObject' that could not be found.

The injection point has the following annotations:
	- @org.springframework.beans.factory.annotation.Autowired(required=true)


Action:

Consider defining a bean of type 'org.json.simple.JSONObject' in your configuration.

2019-09-17 17:30:27.892  INFO 13992 --- [restartedMain] c.practise.cookbook.CookbookApplication  : Starting CookbookApplication on DESKTOP-Amit with PID 13992 (C:\Users\Amit\git\cookbook_repo\cookbook\target\classes started by Amit in C:\Users\Amit\git\cookbook_repo\cookbook)
2019-09-17 17:30:27.895  INFO 13992 --- [restartedMain] c.practise.cookbook.CookbookApplication  : The following profiles are active: dev
2019-09-17 17:30:27.952  INFO 13992 --- [restartedMain] .e.DevToolsPropertyDefaultsPostProcessor : Devtools property defaults active! Set 'spring.devtools.add-properties' to 'false' to disable
2019-09-17 17:30:27.953  INFO 13992 --- [restartedMain] .e.DevToolsPropertyDefaultsPostProcessor : For additional web related logging consider setting the 'logging.level.web' property to 'DEBUG'
2019-09-17 17:30:28.830  INFO 13992 --- [restartedMain] o.s.b.w.embedded.tomcat.TomcatWebServer  : Tomcat initialized with port(s): 8081 (http)
2019-09-17 17:30:28.837  INFO 13992 --- [restartedMain] o.apache.catalina.core.StandardService   : Starting service [Tomcat]
2019-09-17 17:30:28.837  INFO 13992 --- [restartedMain] org.apache.catalina.core.StandardEngine  : Starting Servlet engine: [Apache Tomcat/9.0.24]
2019-09-17 17:30:28.900  INFO 13992 --- [restartedMain] o.a.c.c.C.[Tomcat].[localhost].[/]       : Initializing Spring embedded WebApplicationContext
2019-09-17 17:30:28.900  INFO 13992 --- [restartedMain] o.s.web.context.ContextLoader            : Root WebApplicationContext: initialization completed in 947 ms
2019-09-17 17:30:29.589  INFO 13992 --- [restartedMain] o.s.s.concurrent.ThreadPoolTaskExecutor  : Initializing ExecutorService 'applicationTaskExecutor'
2019-09-17 17:30:29.737  INFO 13992 --- [restartedMain] o.s.b.d.a.OptionalLiveReloadServer       : LiveReload server is running on port 35729
2019-09-17 17:30:29.794  INFO 13992 --- [restartedMain] o.s.b.w.embedded.tomcat.TomcatWebServer  : Tomcat started on port(s): 8081 (http) with context path ''
2019-09-17 17:30:29.799  INFO 13992 --- [restartedMain] c.practise.cookbook.CookbookApplication  : Started CookbookApplication in 2.3030529 seconds (JVM running for 3.111)
2019-09-17 17:30:37.763  INFO 13992 --- [http-nio-8081-exec-2] o.a.c.c.C.[Tomcat].[localhost].[/]       : Initializing Spring DispatcherServlet 'dispatcherServlet'
2019-09-17 17:30:37.763  INFO 13992 --- [http-nio-8081-exec-2] o.s.web.servlet.DispatcherServlet        : Initializing Servlet 'dispatcherServlet'
2019-09-17 17:30:37.768  INFO 13992 --- [http-nio-8081-exec-2] o.s.web.servlet.DispatcherServlet        : Completed initialization in 5 ms
2019-09-17 17:30:48.844  WARN 13992 --- [http-nio-8081-exec-3] .m.m.a.ExceptionHandlerExceptionResolver : Resolved [org.springframework.web.client.ResourceAccessException: I/O error on POST request for "/api/issues/search": null; nested exception is org.apache.http.client.ClientProtocolException]
2019-09-17 17:31:47.643  INFO 13992 --- [Thread-7] o.s.s.concurrent.ThreadPoolTaskExecutor  : Shutting down ExecutorService 'applicationTaskExecutor'
2019-09-17 17:31:48.085  INFO 13992 --- [restartedMain] c.practise.cookbook.CookbookApplication  : Starting CookbookApplication on DESKTOP-Amit with PID 13992 (C:\Users\Amit\git\cookbook_repo\cookbook\target\classes started by Amit in C:\Users\Amit\git\cookbook_repo\cookbook)
2019-09-17 17:31:48.086  INFO 13992 --- [restartedMain] c.practise.cookbook.CookbookApplication  : The following profiles are active: dev
2019-09-17 17:31:48.360  WARN 13992 --- [restartedMain] org.apache.tomcat.util.modeler.Registry  : The MBean registry cannot be disabled because it has already been initialised
2019-09-17 17:31:48.403  INFO 13992 --- [restartedMain] o.s.b.w.embedded.tomcat.TomcatWebServer  : Tomcat initialized with port(s): 8081 (http)
2019-09-17 17:31:48.403  INFO 13992 --- [restartedMain] o.apache.catalina.core.StandardService   : Starting service [Tomcat]
2019-09-17 17:31:48.404  INFO 13992 --- [restartedMain] org.apache.catalina.core.StandardEngine  : Starting Servlet engine: [Apache Tomcat/9.0.24]
2019-09-17 17:31:48.418  INFO 13992 --- [restartedMain] o.a.c.c.C.[Tomcat].[localhost].[/]       : Initializing Spring embedded WebApplicationContext
2019-09-17 17:31:48.418  INFO 13992 --- [restartedMain] o.s.web.context.ContextLoader            : Root WebApplicationContext: initialization completed in 328 ms
2019-09-17 17:31:48.489  INFO 13992 --- [restartedMain] o.s.s.concurrent.ThreadPoolTaskExecutor  : Initializing ExecutorService 'applicationTaskExecutor'
2019-09-17 17:31:48.534  INFO 13992 --- [restartedMain] o.s.b.d.a.OptionalLiveReloadServer       : LiveReload server is running on port 35729
2019-09-17 17:31:48.546  INFO 13992 --- [restartedMain] o.s.b.w.embedded.tomcat.TomcatWebServer  : Tomcat started on port(s): 8081 (http) with context path ''
2019-09-17 17:31:48.548  INFO 13992 --- [restartedMain] c.practise.cookbook.CookbookApplication  : Started CookbookApplication in 0.5030771 seconds (JVM running for 81.861)
2019-09-17 17:31:48.552  INFO 13992 --- [restartedMain] .ConditionEvaluationDeltaLoggingListener : Condition evaluation unchanged
2019-09-17 17:31:56.990  INFO 13992 --- [Thread-16] o.s.s.concurrent.ThreadPoolTaskExecutor  : Shutting down ExecutorService 'applicationTaskExecutor'
2019-09-17 17:31:57.439  INFO 13992 --- [restartedMain] c.practise.cookbook.CookbookApplication  : Starting CookbookApplication on DESKTOP-Amit with PID 13992 (C:\Users\Amit\git\cookbook_repo\cookbook\target\classes started by Amit in C:\Users\Amit\git\cookbook_repo\cookbook)
2019-09-17 17:31:57.440  INFO 13992 --- [restartedMain] c.practise.cookbook.CookbookApplication  : The following profiles are active: dev
2019-09-17 17:31:57.638  WARN 13992 --- [restartedMain] org.apache.tomcat.util.modeler.Registry  : The MBean registry cannot be disabled because it has already been initialised
2019-09-17 17:31:57.681  INFO 13992 --- [restartedMain] o.s.b.w.embedded.tomcat.TomcatWebServer  : Tomcat initialized with port(s): 8081 (http)
2019-09-17 17:31:57.681  INFO 13992 --- [restartedMain] o.apache.catalina.core.StandardService   : Starting service [Tomcat]
2019-09-17 17:31:57.681  INFO 13992 --- [restartedMain] org.apache.catalina.core.StandardEngine  : Starting Servlet engine: [Apache Tomcat/9.0.24]
2019-09-17 17:31:57.696  INFO 13992 --- [restartedMain] o.a.c.c.C.[Tomcat].[localhost].[/]       : Initializing Spring embedded WebApplicationContext
2019-09-17 17:31:57.696  INFO 13992 --- [restartedMain] o.s.web.context.ContextLoader            : Root WebApplicationContext: initialization completed in 253 ms
2019-09-17 17:31:57.763  INFO 13992 --- [restartedMain] o.s.s.concurrent.ThreadPoolTaskExecutor  : Initializing ExecutorService 'applicationTaskExecutor'
2019-09-17 17:31:57.805  INFO 13992 --- [restartedMain] o.s.b.d.a.OptionalLiveReloadServer       : LiveReload server is running on port 35729
2019-09-17 17:31:57.818  INFO 13992 --- [restartedMain] o.s.b.w.embedded.tomcat.TomcatWebServer  : Tomcat started on port(s): 8081 (http) with context path ''
2019-09-17 17:31:57.818  INFO 13992 --- [restartedMain] c.practise.cookbook.CookbookApplication  : Started CookbookApplication in 0.4084459 seconds (JVM running for 91.131)
2019-09-17 17:31:57.826  INFO 13992 --- [restartedMain] .ConditionEvaluationDeltaLoggingListener : Condition evaluation unchanged
2019-09-17 17:32:04.087  INFO 13992 --- [http-nio-8081-exec-2] o.a.c.c.C.[Tomcat].[localhost].[/]       : Initializing Spring DispatcherServlet 'dispatcherServlet'
2019-09-17 17:32:04.088  INFO 13992 --- [http-nio-8081-exec-2] o.s.web.servlet.DispatcherServlet        : Initializing Servlet 'dispatcherServlet'
2019-09-17 17:32:04.099  INFO 13992 --- [http-nio-8081-exec-2] o.s.web.servlet.DispatcherServlet        : Completed initialization in 11 ms
2019-09-17 17:32:04.106  WARN 13992 --- [http-nio-8081-exec-2] .m.m.a.ExceptionHandlerExceptionResolver : Resolved [org.springframework.web.client.ResourceAccessException: I/O error on POST request for "/api/issues/search": null; nested exception is org.apache.http.client.ClientProtocolException]
2019-09-17 17:33:37.850  INFO 13992 --- [Thread-24] o.s.s.concurrent.ThreadPoolTaskExecutor  : Shutting down ExecutorService 'applicationTaskExecutor'
2019-09-17 17:33:38.309  INFO 13992 --- [restartedMain] c.practise.cookbook.CookbookApplication  : Starting CookbookApplication on DESKTOP-Amit with PID 13992 (C:\Users\Amit\git\cookbook_repo\cookbook\target\classes started by Amit in C:\Users\Amit\git\cookbook_repo\cookbook)
2019-09-17 17:33:38.310  INFO 13992 --- [restartedMain] c.practise.cookbook.CookbookApplication  : The following profiles are active: dev
2019-09-17 17:33:38.514  WARN 13992 --- [restartedMain] org.apache.tomcat.util.modeler.Registry  : The MBean registry cannot be disabled because it has already been initialised
2019-09-17 17:33:38.553  INFO 13992 --- [restartedMain] o.s.b.w.embedded.tomcat.TomcatWebServer  : Tomcat initialized with port(s): 8081 (http)
2019-09-17 17:33:38.554  INFO 13992 --- [restartedMain] o.apache.catalina.core.StandardService   : Starting service [Tomcat]
2019-09-17 17:33:38.554  INFO 13992 --- [restartedMain] org.apache.catalina.core.StandardEngine  : Starting Servlet engine: [Apache Tomcat/9.0.24]
2019-09-17 17:33:38.571  INFO 13992 --- [restartedMain] o.a.c.c.C.[Tomcat].[localhost].[/]       : Initializing Spring embedded WebApplicationContext
2019-09-17 17:33:38.571  INFO 13992 --- [restartedMain] o.s.web.context.ContextLoader            : Root WebApplicationContext: initialization completed in 259 ms
2019-09-17 17:33:38.629  INFO 13992 --- [restartedMain] o.s.s.concurrent.ThreadPoolTaskExecutor  : Initializing ExecutorService 'applicationTaskExecutor'
2019-09-17 17:33:38.694  INFO 13992 --- [restartedMain] o.s.b.d.a.OptionalLiveReloadServer       : LiveReload server is running on port 35729
2019-09-17 17:33:38.711  INFO 13992 --- [restartedMain] o.s.b.w.embedded.tomcat.TomcatWebServer  : Tomcat started on port(s): 8081 (http) with context path ''
2019-09-17 17:33:38.712  INFO 13992 --- [restartedMain] c.practise.cookbook.CookbookApplication  : Started CookbookApplication in 0.4349018 seconds (JVM running for 192.025)
2019-09-17 17:33:38.713  INFO 13992 --- [restartedMain] .ConditionEvaluationDeltaLoggingListener : Condition evaluation unchanged
2019-09-17 17:34:14.328  INFO 13992 --- [Thread-32] o.s.s.concurrent.ThreadPoolTaskExecutor  : Shutting down ExecutorService 'applicationTaskExecutor'
2019-09-17 17:34:14.762  INFO 13992 --- [restartedMain] c.practise.cookbook.CookbookApplication  : Starting CookbookApplication on DESKTOP-Amit with PID 13992 (C:\Users\Amit\git\cookbook_repo\cookbook\target\classes started by Amit in C:\Users\Amit\git\cookbook_repo\cookbook)
2019-09-17 17:34:14.762  INFO 13992 --- [restartedMain] c.practise.cookbook.CookbookApplication  : The following profiles are active: dev
2019-09-17 17:34:14.957  WARN 13992 --- [restartedMain] org.apache.tomcat.util.modeler.Registry  : The MBean registry cannot be disabled because it has already been initialised
2019-09-17 17:34:15.000  INFO 13992 --- [restartedMain] o.s.b.w.embedded.tomcat.TomcatWebServer  : Tomcat initialized with port(s): 8081 (http)
2019-09-17 17:34:15.001  INFO 13992 --- [restartedMain] o.apache.catalina.core.StandardService   : Starting service [Tomcat]
2019-09-17 17:34:15.001  INFO 13992 --- [restartedMain] org.apache.catalina.core.StandardEngine  : Starting Servlet engine: [Apache Tomcat/9.0.24]
2019-09-17 17:34:15.024  INFO 13992 --- [restartedMain] o.a.c.c.C.[Tomcat].[localhost].[/]       : Initializing Spring embedded WebApplicationContext
2019-09-17 17:34:15.025  INFO 13992 --- [restartedMain] o.s.web.context.ContextLoader            : Root WebApplicationContext: initialization completed in 259 ms
2019-09-17 17:34:15.081  INFO 13992 --- [restartedMain] o.s.s.concurrent.ThreadPoolTaskExecutor  : Initializing ExecutorService 'applicationTaskExecutor'
2019-09-17 17:34:15.117  INFO 13992 --- [restartedMain] o.s.b.d.a.OptionalLiveReloadServer       : LiveReload server is running on port 35729
2019-09-17 17:34:15.126  INFO 13992 --- [restartedMain] o.s.b.w.embedded.tomcat.TomcatWebServer  : Tomcat started on port(s): 8081 (http) with context path ''
2019-09-17 17:34:15.126  INFO 13992 --- [restartedMain] c.practise.cookbook.CookbookApplication  : Started CookbookApplication in 0.3982928 seconds (JVM running for 228.439)
2019-09-17 17:34:15.132  INFO 13992 --- [restartedMain] .ConditionEvaluationDeltaLoggingListener : Condition evaluation unchanged
2019-09-17 17:34:19.341  INFO 13992 --- [http-nio-8081-exec-2] o.a.c.c.C.[Tomcat].[localhost].[/]       : Initializing Spring DispatcherServlet 'dispatcherServlet'
2019-09-17 17:34:19.342  INFO 13992 --- [http-nio-8081-exec-2] o.s.web.servlet.DispatcherServlet        : Initializing Servlet 'dispatcherServlet'
2019-09-17 17:34:19.348  INFO 13992 --- [http-nio-8081-exec-2] o.s.web.servlet.DispatcherServlet        : Completed initialization in 6 ms
2019-09-17 17:35:59.186  INFO 13992 --- [Thread-40] o.s.s.concurrent.ThreadPoolTaskExecutor  : Shutting down ExecutorService 'applicationTaskExecutor'
2019-09-17 17:35:59.617  INFO 13992 --- [restartedMain] c.practise.cookbook.CookbookApplication  : Starting CookbookApplication on DESKTOP-Amit with PID 13992 (C:\Users\Amit\git\cookbook_repo\cookbook\target\classes started by Amit in C:\Users\Amit\git\cookbook_repo\cookbook)
2019-09-17 17:35:59.617  INFO 13992 --- [restartedMain] c.practise.cookbook.CookbookApplication  : The following profiles are active: dev
2019-09-17 17:35:59.793  WARN 13992 --- [restartedMain] org.apache.tomcat.util.modeler.Registry  : The MBean registry cannot be disabled because it has already been initialised
2019-09-17 17:35:59.833  INFO 13992 --- [restartedMain] o.s.b.w.embedded.tomcat.TomcatWebServer  : Tomcat initialized with port(s): 8081 (http)
2019-09-17 17:35:59.833  INFO 13992 --- [restartedMain] o.apache.catalina.core.StandardService   : Starting service [Tomcat]
2019-09-17 17:35:59.833  INFO 13992 --- [restartedMain] org.apache.catalina.core.StandardEngine  : Starting Servlet engine: [Apache Tomcat/9.0.24]
2019-09-17 17:35:59.847  INFO 13992 --- [restartedMain] o.a.c.c.C.[Tomcat].[localhost].[/]       : Initializing Spring embedded WebApplicationContext
2019-09-17 17:35:59.847  INFO 13992 --- [restartedMain] o.s.web.context.ContextLoader            : Root WebApplicationContext: initialization completed in 228 ms
2019-09-17 17:35:59.896  INFO 13992 --- [restartedMain] o.s.s.concurrent.ThreadPoolTaskExecutor  : Initializing ExecutorService 'applicationTaskExecutor'
2019-09-17 17:35:59.930  INFO 13992 --- [restartedMain] o.s.b.d.a.OptionalLiveReloadServer       : LiveReload server is running on port 35729
2019-09-17 17:35:59.944  INFO 13992 --- [restartedMain] o.s.b.w.embedded.tomcat.TomcatWebServer  : Tomcat started on port(s): 8081 (http) with context path ''
2019-09-17 17:35:59.947  INFO 13992 --- [restartedMain] c.practise.cookbook.CookbookApplication  : Started CookbookApplication in 0.3546104 seconds (JVM running for 333.259)
2019-09-17 17:35:59.949  INFO 13992 --- [restartedMain] .ConditionEvaluationDeltaLoggingListener : Condition evaluation unchanged
2019-09-17 17:37:59.055  INFO 13992 --- [Thread-48] o.s.s.concurrent.ThreadPoolTaskExecutor  : Shutting down ExecutorService 'applicationTaskExecutor'
2019-09-17 17:37:59.486  INFO 13992 --- [restartedMain] c.practise.cookbook.CookbookApplication  : Starting CookbookApplication on DESKTOP-Amit with PID 13992 (C:\Users\Amit\git\cookbook_repo\cookbook\target\classes started by Amit in C:\Users\Amit\git\cookbook_repo\cookbook)
2019-09-17 17:37:59.487  INFO 13992 --- [restartedMain] c.practise.cookbook.CookbookApplication  : The following profiles are active: dev
2019-09-17 17:37:59.641  WARN 13992 --- [restartedMain] org.apache.tomcat.util.modeler.Registry  : The MBean registry cannot be disabled because it has already been initialised
2019-09-17 17:37:59.681  INFO 13992 --- [restartedMain] o.s.b.w.embedded.tomcat.TomcatWebServer  : Tomcat initialized with port(s): 8081 (http)
2019-09-17 17:37:59.682  INFO 13992 --- [restartedMain] o.apache.catalina.core.StandardService   : Starting service [Tomcat]
2019-09-17 17:37:59.682  INFO 13992 --- [restartedMain] org.apache.catalina.core.StandardEngine  : Starting Servlet engine: [Apache Tomcat/9.0.24]
2019-09-17 17:37:59.695  INFO 13992 --- [restartedMain] o.a.c.c.C.[Tomcat].[localhost].[/]       : Initializing Spring embedded WebApplicationContext
2019-09-17 17:37:59.695  INFO 13992 --- [restartedMain] o.s.web.context.ContextLoader            : Root WebApplicationContext: initialization completed in 206 ms
2019-09-17 17:37:59.742  INFO 13992 --- [restartedMain] o.s.s.concurrent.ThreadPoolTaskExecutor  : Initializing ExecutorService 'applicationTaskExecutor'
2019-09-17 17:37:59.773  INFO 13992 --- [restartedMain] o.s.b.d.a.OptionalLiveReloadServer       : LiveReload server is running on port 35729
2019-09-17 17:37:59.782  INFO 13992 --- [restartedMain] o.s.b.w.embedded.tomcat.TomcatWebServer  : Tomcat started on port(s): 8081 (http) with context path ''
2019-09-17 17:37:59.783  INFO 13992 --- [restartedMain] c.practise.cookbook.CookbookApplication  : Started CookbookApplication in 0.3206367 seconds (JVM running for 453.095)
2019-09-17 17:37:59.790  INFO 13992 --- [restartedMain] .ConditionEvaluationDeltaLoggingListener : Condition evaluation unchanged
2019-09-17 17:38:15.673  INFO 13992 --- [http-nio-8081-exec-2] o.a.c.c.C.[Tomcat].[localhost].[/]       : Initializing Spring DispatcherServlet 'dispatcherServlet'
2019-09-17 17:38:15.674  INFO 13992 --- [http-nio-8081-exec-2] o.s.web.servlet.DispatcherServlet        : Initializing Servlet 'dispatcherServlet'
2019-09-17 17:38:15.676  INFO 13992 --- [http-nio-8081-exec-2] o.s.web.servlet.DispatcherServlet        : Completed initialization in 2 ms
2019-09-17 17:40:13.008  INFO 13992 --- [Thread-56] o.s.s.concurrent.ThreadPoolTaskExecutor  : Shutting down ExecutorService 'applicationTaskExecutor'
2019-09-17 17:40:13.405  INFO 13992 --- [restartedMain] c.practise.cookbook.CookbookApplication  : Starting CookbookApplication on DESKTOP-Amit with PID 13992 (C:\Users\Amit\git\cookbook_repo\cookbook\target\classes started by Amit in C:\Users\Amit\git\cookbook_repo\cookbook)
2019-09-17 17:40:13.405  INFO 13992 --- [restartedMain] c.practise.cookbook.CookbookApplication  : The following profiles are active: dev
2019-09-17 17:40:13.597  WARN 13992 --- [restartedMain] org.apache.tomcat.util.modeler.Registry  : The MBean registry cannot be disabled because it has already been initialised
2019-09-17 17:40:13.642  INFO 13992 --- [restartedMain] o.s.b.w.embedded.tomcat.TomcatWebServer  : Tomcat initialized with port(s): 8081 (http)
2019-09-17 17:40:13.643  INFO 13992 --- [restartedMain] o.apache.catalina.core.StandardService   : Starting service [Tomcat]
2019-09-17 17:40:13.644  INFO 13992 --- [restartedMain] org.apache.catalina.core.StandardEngine  : Starting Servlet engine: [Apache Tomcat/9.0.24]
2019-09-17 17:40:13.655  INFO 13992 --- [restartedMain] o.a.c.c.C.[Tomcat].[localhost].[/]       : Initializing Spring embedded WebApplicationContext
2019-09-17 17:40:13.655  INFO 13992 --- [restartedMain] o.s.web.context.ContextLoader            : Root WebApplicationContext: initialization completed in 245 ms
2019-09-17 17:40:13.706  INFO 13992 --- [restartedMain] o.s.s.concurrent.ThreadPoolTaskExecutor  : Initializing ExecutorService 'applicationTaskExecutor'
2019-09-17 17:40:13.744  INFO 13992 --- [restartedMain] o.s.b.d.a.OptionalLiveReloadServer       : LiveReload server is running on port 35729
2019-09-17 17:40:13.754  INFO 13992 --- [restartedMain] o.s.b.w.embedded.tomcat.TomcatWebServer  : Tomcat started on port(s): 8081 (http) with context path ''
2019-09-17 17:40:13.755  INFO 13992 --- [restartedMain] c.practise.cookbook.CookbookApplication  : Started CookbookApplication in 0.3840048 seconds (JVM running for 587.068)
2019-09-17 17:40:13.757  INFO 13992 --- [restartedMain] .ConditionEvaluationDeltaLoggingListener : Condition evaluation unchanged
2019-09-17 17:40:40.322  INFO 13992 --- [Thread-64] o.s.s.concurrent.ThreadPoolTaskExecutor  : Shutting down ExecutorService 'applicationTaskExecutor'
2019-09-17 17:40:40.729  INFO 13992 --- [restartedMain] c.practise.cookbook.CookbookApplication  : Starting CookbookApplication on DESKTOP-Amit with PID 13992 (C:\Users\Amit\git\cookbook_repo\cookbook\target\classes started by Amit in C:\Users\Amit\git\cookbook_repo\cookbook)
2019-09-17 17:40:40.729  INFO 13992 --- [restartedMain] c.practise.cookbook.CookbookApplication  : The following profiles are active: dev
2019-09-17 17:40:40.923  WARN 13992 --- [restartedMain] org.apache.tomcat.util.modeler.Registry  : The MBean registry cannot be disabled because it has already been initialised
2019-09-17 17:40:40.966  INFO 13992 --- [restartedMain] o.s.b.w.embedded.tomcat.TomcatWebServer  : Tomcat initialized with port(s): 8081 (http)
2019-09-17 17:40:40.968  INFO 13992 --- [restartedMain] o.apache.catalina.core.StandardService   : Starting service [Tomcat]
2019-09-17 17:40:40.968  INFO 13992 --- [restartedMain] org.apache.catalina.core.StandardEngine  : Starting Servlet engine: [Apache Tomcat/9.0.24]
2019-09-17 17:40:40.979  INFO 13992 --- [restartedMain] o.a.c.c.C.[Tomcat].[localhost].[/]       : Initializing Spring embedded WebApplicationContext
2019-09-17 17:40:40.979  INFO 13992 --- [restartedMain] o.s.web.context.ContextLoader            : Root WebApplicationContext: initialization completed in 247 ms
2019-09-17 17:40:41.026  INFO 13992 --- [restartedMain] o.s.s.concurrent.ThreadPoolTaskExecutor  : Initializing ExecutorService 'applicationTaskExecutor'
2019-09-17 17:40:41.058  INFO 13992 --- [restartedMain] o.s.b.d.a.OptionalLiveReloadServer       : LiveReload server is running on port 35729
2019-09-17 17:40:41.069  INFO 13992 --- [restartedMain] o.s.b.w.embedded.tomcat.TomcatWebServer  : Tomcat started on port(s): 8081 (http) with context path ''
2019-09-17 17:40:41.069  INFO 13992 --- [restartedMain] c.practise.cookbook.CookbookApplication  : Started CookbookApplication in 0.364267 seconds (JVM running for 614.382)
2019-09-17 17:40:41.072  INFO 13992 --- [restartedMain] .ConditionEvaluationDeltaLoggingListener : Condition evaluation unchanged
2019-09-17 17:40:46.861  INFO 13992 --- [http-nio-8081-exec-2] o.a.c.c.C.[Tomcat].[localhost].[/]       : Initializing Spring DispatcherServlet 'dispatcherServlet'
2019-09-17 17:40:46.863  INFO 13992 --- [http-nio-8081-exec-2] o.s.web.servlet.DispatcherServlet        : Initializing Servlet 'dispatcherServlet'
2019-09-17 17:40:46.867  INFO 13992 --- [http-nio-8081-exec-2] o.s.web.servlet.DispatcherServlet        : Completed initialization in 4 ms
2019-09-17 17:41:07.395  INFO 13992 --- [RMI TCP Connection(47)-127.0.0.1] inMXBeanRegistrar$SpringApplicationAdmin : Application shutdown requested.
2019-09-17 17:41:07.399  INFO 13992 --- [RMI TCP Connection(47)-127.0.0.1] o.s.s.concurrent.ThreadPoolTaskExecutor  : Shutting down ExecutorService 'applicationTaskExecutor'
